<?xml version="1.0" encoding="UTF-8"?>
<testsuite name="ohtu.RunCucumberTest" tests="0" skipped="0" failures="0" errors="0" timestamp="1970-01-01T00:00:00" hostname="DESKTOP-299K61T" time="0.0">
  <properties/>
  <system-out><![CDATA[
There were undefined steps. You can implement missing steps with the snippets below:

@When("username {string} and password {string}")
public void usernameAndPassword(String string, String string2) {
    // Write code here that turns the phrase above into concrete actions
    throw new cucumber.api.PendingException();
}

@Given("user {string} with password {string} is created")
public void userWithPasswordIsCreated(String string, String string2) {
    // Write code here that turns the phrase above into concrete actions
    throw new cucumber.api.PendingException();
}

]]></system-out>
  <system-err><![CDATA[]]></system-err>
</testsuite>
